#
# A fatal error has been detected by the Java Runtime Environment:
#
#  EXCEPTION_ACCESS_VIOLATION (0xc0000005) at pc=0x00007ff813dd5deb, pid=14192, tid=8180
#
# JRE version: OpenJDK Runtime Environment (24.0.1+9) (build 24.0.1+9-30)
# Java VM: OpenJDK 64-Bit Server VM (24.0.1+9-30, mixed mode, sharing, tiered, compressed oops, compressed class ptrs, g1 gc, windows-amd64)
# Problematic frame:
# C  [libasyncProfiler.dll+0xa5deb]
#
# No core dump will be written. Minidumps are not enabled by default on client versions of Windows
#
# JFR recording file will be written. Location: D:\DH_FPT\Ky_7\Codefest_game\Codefest_team8_hehehe\src\CodefestBot\hs_err_pid14192.jfr
#
# If you would like to submit a bug report, please visit:
#   https://bugreport.java.com/bugreport/crash.jsp
# The crash happened outside the Java Virtual Machine in native code.
# See problematic frame for where to report the bug.
#

---------------  S U M M A R Y ------------

Command Line: -javaagent:C:\Program Files\JetBrains\IntelliJ IDEA 2024.1\lib\idea_rt.jar=56336:C:\Program Files\JetBrains\IntelliJ IDEA 2024.1\bin -Dfile.encoding=UTF-8 -Dsun.stdout.encoding=UTF-8 -Dsun.stderr.encoding=UTF-8 Main5

Host: AMD Ryzen 9 4900HS with Radeon Graphics         , 16 cores, 23G,  Windows 11 , 64 bit Build 26100 (10.0.26100.4202)
Time: Sat Jul  5 18:28:54 2025 SE Asia Standard Time elapsed time: 20.294607 seconds (0d 0h 0m 20s)

---------------  T H R E A D  ---------------

Current thread (0x0000020df537a940):  JavaThread "Attach Listener" daemon [_thread_in_native, id=8180, stack(0x00000046ad300000,0x00000046ad400000) (1024K)]

Stack: [0x00000046ad300000,0x00000046ad400000],  sp=0x00000046ad3fea60,  free space=1018k
Native frames: (J=compiled Java code, j=interpreted, Vv=VM code, C=native code)
C  [libasyncProfiler.dll+0xa5deb]  (no source info available)
C  [libasyncProfiler.dll+0xa61ab]  (no source info available)
C  [libasyncProfiler.dll+0xa4fd4]  (no source info available)
C  [libasyncProfiler.dll+0xa58b7]  (no source info available)
C  [libasyncProfiler.dll+0xa00fb]  (no source info available)
C  [libasyncProfiler.dll+0x91efe]  (no source info available)
C  [libasyncProfiler.dll+0x90810]  (no source info available)
C  [libasyncProfiler.dll+0x906e4]  (no source info available)
C  [libasyncProfiler.dll+0x97dea]  (no source info available)
V  [jvm.dll+0x57eff7]  (no source info available)
V  [jvm.dll+0x57fdac]  (no source info available)
V  [jvm.dll+0x14ca17]  (no source info available)
V  [jvm.dll+0x14dfe1]  (no source info available)
V  [jvm.dll+0x42f456]  (no source info available)
V  [jvm.dll+0x87d76b]  (no source info available)
V  [jvm.dll+0x72ee55]  (no source info available)
C  [ucrtbase.dll+0x37b0]  (no source info available)
C  [KERNEL32.DLL+0x2e8d7]  (no source info available)
C  [ntdll.dll+0x3c34c]  (no source info available)


siginfo: EXCEPTION_ACCESS_VIOLATION (0xc0000005), reading address 0xffffffffffffffff


Registers:
RAX=0x0000000000000010, RBX=0x0000000000000000, RCX=0xffffffffffffffff, RDX=0x007ff80621300010
RSP=0x00000046ad3fea60, RBP=0x0000020dc535ca90, RSI=0x00000046ad3feb98, RDI=0x0000020dc535ca90
R8 =0x0000000000000042, R9 =0x000000069d800000, R10=0x00007ff806489fb0, R11=0x0000000000000004
R12=0x00000046ad3feb98, R13=0x0000020dc6084b50, R14=0x0000020df537ad08, R15=0x0000000000000035
RIP=0x00007ff813dd5deb, EFLAGS=0x0000000000010202

XMM[0]=0x0000000000000000 0x0000000000000000
XMM[1]=0x0000000000000000 0x0000000000000000
XMM[2]=0x0000000000000000 0x0000000000000000
XMM[3]=0x0000000000000000 0x0000000000000000
XMM[4]=0x0000000000000000 0x0000000000000000
XMM[5]=0x0000000000000000 0x0000000000000000
XMM[6]=0x0000000000000000 0x0000000000000000
XMM[7]=0x0000000000000000 0x0000000000000000
XMM[8]=0x0000000000000000 0x0000000000000000
XMM[9]=0x0000000000000000 0x0000000000000000
XMM[10]=0x0000000000000000 0x0000000000000000
XMM[11]=0x0000000000000000 0x0000000000000000
XMM[12]=0x0000000000000000 0x0000000000000000
XMM[13]=0x0000000000000000 0x0000000000000000
XMM[14]=0x0000000000000000 0x0000000000000000
XMM[15]=0x0000000000000000 0x0000000000000000
  MXCSR=0x00001fa0


Register to memory mapping:

RAX=0x0000000000000010 is an unknown value
RBX=0x0 is null
RCX=0xffffffffffffffff is an unknown value
RDX=0x007ff80621300010 is an unknown value
RSP=0x00000046ad3fea60 is pointing into the stack for thread: 0x0000020df537a940
RBP=0x0000020dc535ca90 points into unknown readable memory: 0x000000069d800000 | 00 00 80 9d 06 00 00 00
RSI=0x00000046ad3feb98 is pointing into the stack for thread: 0x0000020df537a940
RDI=0x0000020dc535ca90 points into unknown readable memory: 0x000000069d800000 | 00 00 80 9d 06 00 00 00
R8 =0x0000000000000042 is an unknown value
R9 =0x000000069d800000 is an oop: java.lang.ref.Reference$ReferenceHandler 
{0x000000069d800000} - klass: 'java/lang/ref/Reference$ReferenceHandler' - flags: 

 - ---- fields (total size 14 words):
 - 'threadLocalRandomProbe' 'I' @12  0 (0x00000000)
 - private volatile 'eetop' 'J' @16  2258971864288 (0x0000020df5372ce0)
 - private final 'tid' 'J' @24  15 (0x000000000000000f)
 - 'threadLocalRandomSeed' 'J' @32  0 (0x0000000000000000)
 - injected 'jvmti_thread_state' 'J' @40  2258175548640 (0x0000020dc5c05ce0)
 - 'threadLocalRandomSecondarySeed' 'I' @48  0 (0x00000000)
 - injected 'jvmti_VTMS_transition_disable_count' 'I' @52  0 (0x00000000)
 - injected 'jfr_epoch' 'S' @56  0 (0x0000)
 - volatile 'interrupted' 'Z' @58  false (0x00)
 - injected 'jvmti_is_in_VTMS_transition' 'Z' @59  false (0x00)
 - private volatile 'name' 'Ljava/lang/String;' @60  "Reference Handler"{0x00000007ffc0a468} (0xfff8148d)
 - private volatile 'contextClassLoader' 'Ljava/lang/ClassLoader;' @64  null (0x00000000)
 - private final 'holder' 'Ljava/lang/Thread$FieldHolder;' @68  a 'java/lang/Thread$FieldHolder'{0x000000069da8e000} (0xd3b51c00)
 - 'threadLocals' 'Ljava/lang/ThreadLocal$ThreadLocalMap;' @72  null (0x00000000)
 - 'inheritableThreadLocals' 'Ljava/lang/ThreadLocal$ThreadLocalMap;' @76  null (0x00000000)
 - private 'scopedValueBindings' 'Ljava/lang/Object;' @80  a 'java/lang/Class'{0x00000007ffc7c258} = 'java/lang/Thread' (0xfff8f84b)
 - final 'interruptLock' 'Ljava/lang/Object;' @84  a 'java/lang/Object'{0x000000069da8e028} (0xd3b51c05)
 - private volatile 'parkBlocker' 'Ljava/lang/Object;' @88  null (0x00000000)
 - private 'nioBlocker' 'Lsun/nio/ch/Interruptible;' @92  null (0x00000000)
 - private 'cont' 'Ljdk/internal/vm/Continuation;' @96  null (0x00000000)
 - private volatile 'uncaughtExceptionHandler' 'Ljava/lang/Thread$UncaughtExceptionHandler;' @100  null (0x00000000)
 - private 'container' 'Ljdk/internal/vm/ThreadContainer;' @104  null (0x00000000)
 - private volatile 'headStackableScopes' 'Ljdk/internal/vm/StackableScope;' @108  null (0x00000000)
R10=0x00007ff806489fb0 jvm.dll
R11=0x0000000000000004 is an unknown value
R12=0x00000046ad3feb98 is pointing into the stack for thread: 0x0000020df537a940
R13=0x0000020dc6084b50 points into unknown readable memory: 0x00007ff8063fa510 | 10 a5 3f 06 f8 7f 00 00
R14=0x0000020df537ad08 points into unknown readable memory: 0x00007ff8063f17b0 | b0 17 3f 06 f8 7f 00 00
R15=0x0000000000000035 is an unknown value

Top of Stack: (sp=0x00000046ad3fea60)
0x00000046ad3fea60:   00000046ad3feb98 0000020dc535ca90   ..?.F.....5.....
0x00000046ad3fea70:   0000000000000000 00000000000008f0   ................
0x00000046ad3fea80:   0000020dc55c5ea0 00007ff813dd61ab   .^\......a......
0x00000046ad3fea90:   0000000000000000 0000020df537ad08   ..........7.....
0x00000046ad3feaa0:   0000000000000000 0000020dc55c5ea0   .........^\.....
0x00000046ad3feab0:   0000020df537ad08 00007ff813dd4fd4   ..7......O......
0x00000046ad3feac0:   0000000000000000 0000000000000035   ........5.......
0x00000046ad3fead0:   0000000000000000 0000020dc55c5ea0   .........^\.....
0x00000046ad3feae0:   0000000000000014 0000020dc53ce4a0   ..........<.....
0x00000046ad3feaf0:   fffffffffffffffe 0000020dc55c5ea0   .........^\.....
0x00000046ad3feb00:   0000020dc55c5f74 0000020dc55c5f9c   t_\......_\.....
0x00000046ad3feb10:   0000020d00005440 0000000000000000   @T..............
0x00000046ad3feb20:   0000000000000000 0000000000000000   ................
0x00000046ad3feb30:   00000046ad3ff1e0 0000000000000001   ..?.F...........
0x00000046ad3feb40:   0000000000000000 0000000000000000   ................
0x00000046ad3feb50:   00007ff813f7db30 00007ff813dd58b7   0........X......
0x00000046ad3feb60:   0000020df537ad08 0000000000003770   ..7.....p7......
0x00000046ad3feb70:   00000046ad3febe0 00000000ffffffff   ..?.F...........
0x00000046ad3feb80:   0000020dc5c05ce0 00007ff805d96d86   .\.......m......
0x00000046ad3feb90:   0000000000108b58 0000020dc65bf7a0   X.........[.....
0x00000046ad3feba0:   0000020dc65bfe40 0000020dc65bfe40   @.[.....@.[.....
0x00000046ad3febb0:   0000020df537ad08 0000020df537ad08   ..7.......7.....
0x00000046ad3febc0:   fffffffffffffffe 00007ff813f7db30   ........0.......
0x00000046ad3febd0:   0000000000000004 0000000000000048   ........H.......
0x00000046ad3febe0:   00000046ad3ff1e0 00000046ad3ff1e0   ..?.F.....?.F...
0x00000046ad3febf0:   0000000000000000 00007ff813f7db80   ................
0x00000046ad3fec00:   0000000000989680 00000046ad3feef8   ..........?.F...
0x00000046ad3fec10:   00000046ad3fed20 00007ff813dd00fb    .?.F...........
0x00000046ad3fec20:   00007ff813f7db88 00007ff8a325fc41   ........A.%.....
0x00000046ad3fec30:   00007ff813f7db88 005dad9800001000   ..............].
0x00000046ad3fec40:   0062f33f00000001 0000000000010000   ....?.b.........
0x00000046ad3fec50:   0000000000010000 00007ffffffeffff   ................

Instructions: (pc=0x00007ff813dd5deb)
  0x00007ff813dd5ceb:   cc cc cc cc cc cc cc cc cc cc cc cc cc cc cc cc
  0x00007ff813dd5cfb:   cc cc cc cc cc cc cc cc cc cc cc cc cc cc cc cc
  0x00007ff813dd5d0b:   cc cc cc cc cc cc cc cc cc cc cc cc cc cc cc cc
  0x00007ff813dd5d1b:   cc cc cc cc cc cc cc cc cc cc cc cc cc cc cc cc
  0x00007ff813dd5d2b:   cc cc cc cc cc cc cc cc cc cc cc cc cc cc cc cc
  0x00007ff813dd5d3b:   cc cc cc cc cc cc cc cc cc cc cc cc cc cc cc cc
  0x00007ff813dd5d4b:   cc cc cc cc cc cc cc cc cc cc cc cc cc cc cc cc
  0x00007ff813dd5d5b:   cc cc cc cc cc cc cc cc cc cc cc cc cc cc cc cc
  0x00007ff813dd5d6b:   cc cc cc cc cc cc cc cc cc cc cc cc cc cc cc cc
  0x00007ff813dd5d7b:   cc cc cc cc cc 48 89 5c 24 08 57 48 83 ec 20 48
  0x00007ff813dd5d8b:   8b f9 48 8d 54 24 38 48 8b 0d 77 7f 1a 00 41 b8
  0x00007ff813dd5d9b:   06 00 01 00 48 8b 01 4c 8b 48 30 41 ff d1 4c 8b
  0x00007ff813dd5dab:   05 70 80 1a 00 33 c9 85 c0 48 0f 44 4c 24 38 4d
  0x00007ff813dd5dbb:   85 c0 74 4a 48 8b 01 48 8b d7 4c 8b 88 28 03 00
  0x00007ff813dd5dcb:   00 41 ff d1 48 85 c0 74 35 48 63 0d 59 1f 1a 00
  0x00007ff813dd5ddb:   48 8b 14 01 48 85 d2 74 15 48 63 05 5d 1f 1a 00
=>0x00007ff813dd5deb:   8b 04 10 48 8b 5c 24 30 48 83 c4 20 5f c3 b8 ff
  0x00007ff813dd5dfb:   ff ff ff 48 8b 5c 24 30 48 83 c4 20 5f c3 80 3d
  0x00007ff813dd5e0b:   14 7f 1a 00 00 bb ff ff ff ff 74 20 4c 8b 0d aa
  0x00007ff813dd5e1b:   7b 1a 00 4c 8d 44 24 38 48 8b 0d 8e 7b 1a 00 48
  0x00007ff813dd5e2b:   8b d7 41 ff d1 85 c0 0f 44 5c 24 38 8b c3 48 8b
  0x00007ff813dd5e3b:   5c 24 30 48 83 c4 20 5f c3 cc cc cc cc cc cc cc
  0x00007ff813dd5e4b:   cc cc cc cc cc cc cc cc cc cc cc cc cc cc cc cc
  0x00007ff813dd5e5b:   cc cc cc cc cc cc cc cc cc cc cc cc cc cc cc cc
  0x00007ff813dd5e6b:   cc cc cc cc cc cc cc cc cc cc cc cc cc cc cc cc
  0x00007ff813dd5e7b:   cc cc cc cc cc 40 57 48 83 ec 30 48 c7 44 24 20
  0x00007ff813dd5e8b:   fe ff ff ff 48 89 5c 24 50 48 8b fa 48 8b d9 48
  0x00007ff813dd5e9b:   89 4c 24 40 b9 01 00 00 00 33 c0 f0 0f b1 0b 74
  0x00007ff813dd5eab:   04 f3 90 eb f4 48 8d 53 08 48 8b cf e8 aa f5 f5
  0x00007ff813dd5ebb:   ff 90 b8 ff ff ff ff f0 0f c1 03 48 8b c7 48 8b
  0x00007ff813dd5ecb:   5c 24 50 48 83 c4 30 5f c3 cc cc cc cc cc cc cc
  0x00007ff813dd5edb:   cc cc cc cc cc cc cc cc cc cc cc cc cc cc cc cc


Stack slot to memory mapping:

stack at sp + 0 slots: 0x00000046ad3feb98 is pointing into the stack for thread: 0x0000020df537a940
stack at sp + 1 slots: 0x0000020dc535ca90 points into unknown readable memory: 0x000000069d800000 | 00 00 80 9d 06 00 00 00
stack at sp + 2 slots: 0x0 is null
stack at sp + 3 slots: 0x00000000000008f0 is an unknown value
stack at sp + 4 slots: 0x0000020dc55c5ea0 points into unknown readable memory: 0x00002bcc00004744 | 44 47 00 00 cc 2b 00 00
stack at sp + 5 slots: 0x00007ff813dd61ab libasyncProfiler.dll
stack at sp + 6 slots: 0x0 is null
stack at sp + 7 slots: 0x0000020df537ad08 points into unknown readable memory: 0x00007ff8063f17b0 | b0 17 3f 06 f8 7f 00 00

Lock stack of current Java thread (top to bottom):


---------------  P R O C E S S  ---------------

Threads class SMR info:
_java_thread_list=0x0000020dc5836e00, length=30, elements={
0x0000020df5372ce0, 0x0000020df5373620, 0x0000020dc50191d0, 0x0000020df537a940,
0x0000020df537b6f0, 0x0000020dc503cf30, 0x0000020df537d230, 0x0000020dc504ddb0,
0x0000020dc51f12f0, 0x0000020dc52ae1a0, 0x0000020dc52ae8e0, 0x0000020dd0d07340,
0x0000020dc5fd4650, 0x0000020dc6320b20, 0x0000020dc699b110, 0x0000020dc6998530,
0x0000020dc699b860, 0x0000020dc6998c80, 0x0000020dc699a9c0, 0x0000020dc6999b20,
0x0000020dc699a270, 0x0000020dc5be1e90, 0x0000020dc53e6950, 0x0000020dc5be5910,
0x0000020dc5929c30, 0x0000020dc592a3c0, 0x0000020dc5190ba0, 0x0000020dc5583040,
0x0000020dc8205d20, 0x0000020dc5be3480
}

Java Threads: ( => current thread )
  0x0000020df5372ce0 JavaThread "Reference Handler"          daemon [_thread_blocked, id=5348, stack(0x00000046ad000000,0x00000046ad100000) (1024K)]
  0x0000020df5373620 JavaThread "Finalizer"                  daemon [_thread_blocked, id=10368, stack(0x00000046ad100000,0x00000046ad200000) (1024K)]
  0x0000020dc50191d0 JavaThread "Signal Dispatcher"          daemon [_thread_blocked, id=22048, stack(0x00000046ad200000,0x00000046ad300000) (1024K)]
=>0x0000020df537a940 JavaThread "Attach Listener"            daemon [_thread_in_native, id=8180, stack(0x00000046ad300000,0x00000046ad400000) (1024K)]
  0x0000020df537b6f0 JavaThread "Service Thread"             daemon [_thread_blocked, id=21168, stack(0x00000046ad400000,0x00000046ad500000) (1024K)]
  0x0000020dc503cf30 JavaThread "Monitor Deflation Thread"   daemon [_thread_blocked, id=21944, stack(0x00000046ad500000,0x00000046ad600000) (1024K)]
  0x0000020df537d230 JavaThread "C2 CompilerThread0"         daemon [_thread_blocked, id=21276, stack(0x00000046ad600000,0x00000046ad700000) (1024K)]
  0x0000020dc504ddb0 JavaThread "C1 CompilerThread0"         daemon [_thread_blocked, id=16920, stack(0x00000046ad700000,0x00000046ad800000) (1024K)]
  0x0000020dc51f12f0 JavaThread "Common-Cleaner"             daemon [_thread_blocked, id=7312, stack(0x00000046adb00000,0x00000046adc00000) (1024K)]
  0x0000020dc52ae1a0 JavaThread "Monitor Ctrl-Break"         daemon [_thread_in_native, id=9776, stack(0x00000046add00000,0x00000046ade00000) (1024K)]
  0x0000020dc52ae8e0 JavaThread "Notification Thread"        daemon [_thread_blocked, id=10276, stack(0x00000046ade00000,0x00000046adf00000) (1024K)]
  0x0000020dd0d07340 JavaThread "DestroyJavaVM"                     [_thread_blocked, id=12488, stack(0x00000046ac800000,0x00000046ac900000) (1024K)]
  0x0000020dc5fd4650 JavaThread "OkHttp Dispatcher"                 [_thread_blocked, id=6220, stack(0x00000046ae200000,0x00000046ae300000) (1024K)]
  0x0000020dc6320b20 JavaThread "OkHttp cf25-server.jsclub.dev"        [_thread_in_native, id=12536, stack(0x00000046ae300000,0x00000046ae400000) (1024K)]
  0x0000020dc699b110 JavaThread "OkHttp ConnectionPool"      daemon [_thread_blocked, id=18788, stack(0x00000046ae400000,0x00000046ae500000) (1024K)]
  0x0000020dc6998530 JavaThread "Okio Watchdog"              daemon [_thread_blocked, id=12264, stack(0x00000046ae500000,0x00000046ae600000) (1024K)]
  0x0000020dc699b860 JavaThread "OkHttp cf25-server.jsclub.dev Writer"        [_thread_blocked, id=880, stack(0x00000046ae600000,0x00000046ae700000) (1024K)]
  0x0000020dc6998c80 JavaThread "OkHttp Http2Connection"     daemon [_thread_blocked, id=16256, stack(0x00000046ae700000,0x00000046ae800000) (1024K)]
  0x0000020dc699a9c0 JavaThread "OkHttp https://cf25-server.jsclub.dev/..."        [_thread_in_native, id=12216, stack(0x00000046ae100000,0x00000046ae200000) (1024K)]
  0x0000020dc6999b20 JavaThread "engine.io-client.heartbeat-0" daemon [_thread_blocked, id=6744, stack(0x00000046af400000,0x00000046af500000) (1024K)]
  0x0000020dc699a270 JavaThread "OkHttp Dispatcher"                 [_thread_blocked, id=11528, stack(0x00000046af500000,0x00000046af600000) (1024K)]
  0x0000020dc5be1e90 JavaThread "OkHttp WebSocket https://cf25-server.jsclub.dev/..."        [_thread_blocked, id=14124, stack(0x00000046adf00000,0x00000046ae000000) (1024K)]
  0x0000020dc53e6950 JavaThread "C2 CompilerThread1"         daemon [_thread_blocked, id=3400, stack(0x00000046ad800000,0x00000046ad900000) (1024K)]
  0x0000020dc5be5910 JavaThread "JFR Recorder Thread"        daemon [_thread_in_native, id=1292, stack(0x00000046ad900000,0x00000046ada00000) (1024K)]
  0x0000020dc5929c30 JavaThread "C1 CompilerThread1"         daemon [_thread_blocked, id=16316, stack(0x00000046ada00000,0x00000046adb00000) (1024K)]
  0x0000020dc592a3c0 JavaThread "C1 CompilerThread2"         daemon [_thread_blocked, id=16236, stack(0x00000046adc00000,0x00000046add00000) (1024K)]
  0x0000020dc5190ba0 JavaThread "C2 CompilerThread2"         daemon [_thread_blocked, id=16092, stack(0x00000046ae800000,0x00000046ae900000) (1024K)]
  0x0000020dc5583040 JavaThread "C2 CompilerThread3"         daemon [_thread_in_native, id=17456, stack(0x00000046af600000,0x00000046af700000) (1024K)]
  0x0000020dc8205d20 JavaThread "C2 CompilerThread4"         daemon [_thread_blocked, id=3564, stack(0x00000046af700000,0x00000046af800000) (1024K)]
  0x0000020dc5be3480 JavaThread "JFR Periodic Tasks"         daemon [_thread_blocked, id=21568, stack(0x00000046af800000,0x00000046af900000) (1024K)]
Total: 30

Other Threads:
  0x0000020df5363fa0 VMThread "VM Thread"                           [id=15780, stack(0x00000046acf00000,0x00000046ad000000) (1024K)]
  0x0000020df52309a0 WatcherThread "VM Periodic Task Thread"        [id=6728, stack(0x00000046ace00000,0x00000046acf00000) (1024K)]
  0x0000020dd31124a0 WorkerThread "GC Thread#0"                     [id=14024, stack(0x00000046ac900000,0x00000046aca00000) (1024K)]
  0x0000020dc5f63810 WorkerThread "GC Thread#1"                     [id=13640, stack(0x00000046ae900000,0x00000046aea00000) (1024K)]
  0x0000020dc5f63bc0 WorkerThread "GC Thread#2"                     [id=17532, stack(0x00000046aea00000,0x00000046aeb00000) (1024K)]
  0x0000020dc5f62d00 WorkerThread "GC Thread#3"                     [id=6488, stack(0x00000046aeb00000,0x00000046aec00000) (1024K)]
  0x0000020dc5f60470 WorkerThread "GC Thread#4"                     [id=20416, stack(0x00000046aec00000,0x00000046aed00000) (1024K)]
  0x0000020dc5f63f70 WorkerThread "GC Thread#5"                     [id=5884, stack(0x00000046aed00000,0x00000046aee00000) (1024K)]
  0x0000020dc5f621f0 WorkerThread "GC Thread#6"                     [id=5352, stack(0x00000046aee00000,0x00000046aef00000) (1024K)]
  0x0000020dc5f630b0 WorkerThread "GC Thread#7"                     [id=3876, stack(0x00000046aef00000,0x00000046af000000) (1024K)]
  0x0000020dc5f60820 WorkerThread "GC Thread#8"                     [id=6660, stack(0x00000046af000000,0x00000046af100000) (1024K)]
  0x0000020dc5f60bd0 WorkerThread "GC Thread#9"                     [id=19228, stack(0x00000046af100000,0x00000046af200000) (1024K)]
  0x0000020dc5f60f80 WorkerThread "GC Thread#10"                    [id=2932, stack(0x00000046af200000,0x00000046af300000) (1024K)]
  0x0000020dc5f61330 WorkerThread "GC Thread#11"                    [id=4340, stack(0x00000046af300000,0x00000046af400000) (1024K)]
  0x0000020dd3121e20 ConcurrentGCThread "G1 Main Marker"            [id=7396, stack(0x00000046aca00000,0x00000046acb00000) (1024K)]
  0x0000020dd3123730 WorkerThread "G1 Conc#0"                       [id=22076, stack(0x00000046acb00000,0x00000046acc00000) (1024K)]
  0x0000020df5223c30 ConcurrentGCThread "G1 Refine#0"               [id=21736, stack(0x00000046acc00000,0x00000046acd00000) (1024K)]
  0x0000020df5225470 ConcurrentGCThread "G1 Service"                [id=12024, stack(0x00000046acd00000,0x00000046ace00000) (1024K)]
Total: 18

Threads with active compile tasks:
C2 CompilerThread3  20399 3164       4       jdk.jfr.internal.MetadataWriter::write (168 bytes)
Total: 1

VM state: not at safepoint (normal execution)

VM Mutex/Monitor currently owned by a thread: None

Heap address: 0x0000000689400000, size: 5996 MB, Compressed Oops mode: Zero based, Oop shift amount: 3

CDS archive(s) mapped at: [0x0000020d80000000-0x0000020d80d40000-0x0000020d80d40000), size 13893632, SharedBaseAddress: 0x0000020d80000000, ArchiveRelocationMode: 1.
Compressed class space mapped at: 0x0000020d81000000-0x0000020dc1000000, reserved size: 1073741824
UseCompressedClassPointers 1, UseCompactObjectHeaders 0
Narrow klass pointer bits 32, Max shift 3
Narrow klass base: 0x0000020d80000000, Narrow klass shift: 0
Encoding Range: [0x0000020d80000000 - 0x0000020e80000000), (4294967296 bytes)
Klass Range:    [0x0000020d80000000 - 0x0000020dc1000000), (1090519040 bytes)
Klass ID Range:  [8 - 1090519033) (1090519025)

GC Precious Log:
 CardTable entry size: 512
 Card Set container configuration: InlinePtr #cards 4 size 8 Array Of Cards #cards 32 size 80 Howl #buckets 8 coarsen threshold 7372 Howl Bitmap #cards 1024 size 144 coarsen threshold 921 Card regions per heap region 1 cards per card region 8192
 CPUs: 16 total, 16 available
 Memory: 23981M
 Large Page Support: Disabled
 NUMA Support: Disabled
 Compressed Oops: Enabled (Zero based)
 Heap Region Size: 4M
 Heap Min Capacity: 8M
 Heap Initial Capacity: 376M
 Heap Max Capacity: 5996M
 Pre-touch: Disabled
 Parallel Workers: 13
 Concurrent Workers: 3
 Concurrent Refinement Workers: 13
 Periodic GC: Disabled

Heap:
 garbage-first heap   total reserved 6139904K, committed 389120K, used 27994K [0x0000000689400000, 0x0000000800000000)
  region size 4096K, 8 young (32768K), 2 survivors (8192K)
 Metaspace       used 18863K, committed 19136K, reserved 1114112K
  class space    used 1873K, committed 1984K, reserved 1048576K

Heap Regions: E=young(eden), S=young(survivor), O=old, HS=humongous(starts), HC=humongous(continues), CS=collection set, F=free, TAMS=top-at-mark-start, PB=parsable bottom
|   0|0x0000000689400000, 0x0000000689400000, 0x0000000689800000|  0%| F|  |TAMS 0x0000000689400000| PB 0x0000000689400000| Untracked |  0
|   1|0x0000000689800000, 0x0000000689800000, 0x0000000689c00000|  0%| F|  |TAMS 0x0000000689800000| PB 0x0000000689800000| Untracked |  0
|   2|0x0000000689c00000, 0x0000000689c00000, 0x000000068a000000|  0%| F|  |TAMS 0x0000000689c00000| PB 0x0000000689c00000| Untracked |  0
|   3|0x000000068a000000, 0x000000068a000000, 0x000000068a400000|  0%| F|  |TAMS 0x000000068a000000| PB 0x000000068a000000| Untracked |  0
|   4|0x000000068a400000, 0x000000068a400000, 0x000000068a800000|  0%| F|  |TAMS 0x000000068a400000| PB 0x000000068a400000| Untracked |  0
|   5|0x000000068a800000, 0x000000068a800000, 0x000000068ac00000|  0%| F|  |TAMS 0x000000068a800000| PB 0x000000068a800000| Untracked |  0
|   6|0x000000068ac00000, 0x000000068ac00000, 0x000000068b000000|  0%| F|  |TAMS 0x000000068ac00000| PB 0x000000068ac00000| Untracked |  0
|   7|0x000000068b000000, 0x000000068b000000, 0x000000068b400000|  0%| F|  |TAMS 0x000000068b000000| PB 0x000000068b000000| Untracked |  0
|   8|0x000000068b400000, 0x000000068b400000, 0x000000068b800000|  0%| F|  |TAMS 0x000000068b400000| PB 0x000000068b400000| Untracked |  0
|   9|0x000000068b800000, 0x000000068b800000, 0x000000068bc00000|  0%| F|  |TAMS 0x000000068b800000| PB 0x000000068b800000| Untracked |  0
|  10|0x000000068bc00000, 0x000000068bc00000, 0x000000068c000000|  0%| F|  |TAMS 0x000000068bc00000| PB 0x000000068bc00000| Untracked |  0
|  11|0x000000068c000000, 0x000000068c000000, 0x000000068c400000|  0%| F|  |TAMS 0x000000068c000000| PB 0x000000068c000000| Untracked |  0
|  12|0x000000068c400000, 0x000000068c400000, 0x000000068c800000|  0%| F|  |TAMS 0x000000068c400000| PB 0x000000068c400000| Untracked |  0
|  13|0x000000068c800000, 0x000000068c800000, 0x000000068cc00000|  0%| F|  |TAMS 0x000000068c800000| PB 0x000000068c800000| Untracked |  0
|  14|0x000000068cc00000, 0x000000068cc00000, 0x000000068d000000|  0%| F|  |TAMS 0x000000068cc00000| PB 0x000000068cc00000| Untracked |  0
|  15|0x000000068d000000, 0x000000068d000000, 0x000000068d400000|  0%| F|  |TAMS 0x000000068d000000| PB 0x000000068d000000| Untracked |  0
|  16|0x000000068d400000, 0x000000068d400000, 0x000000068d800000|  0%| F|  |TAMS 0x000000068d400000| PB 0x000000068d400000| Untracked |  0
|  17|0x000000068d800000, 0x000000068d800000, 0x000000068dc00000|  0%| F|  |TAMS 0x000000068d800000| PB 0x000000068d800000| Untracked |  0
|  18|0x000000068dc00000, 0x000000068dc00000, 0x000000068e000000|  0%| F|  |TAMS 0x000000068dc00000| PB 0x000000068dc00000| Untracked |  0
|  19|0x000000068e000000, 0x000000068e000000, 0x000000068e400000|  0%| F|  |TAMS 0x000000068e000000| PB 0x000000068e000000| Untracked |  0
|  20|0x000000068e400000, 0x000000068e400000, 0x000000068e800000|  0%| F|  |TAMS 0x000000068e400000| PB 0x000000068e400000| Untracked |  0
|  21|0x000000068e800000, 0x000000068e800000, 0x000000068ec00000|  0%| F|  |TAMS 0x000000068e800000| PB 0x000000068e800000| Untracked |  0
|  22|0x000000068ec00000, 0x000000068ec00000, 0x000000068f000000|  0%| F|  |TAMS 0x000000068ec00000| PB 0x000000068ec00000| Untracked |  0
|  23|0x000000068f000000, 0x000000068f000000, 0x000000068f400000|  0%| F|  |TAMS 0x000000068f000000| PB 0x000000068f000000| Untracked |  0
|  24|0x000000068f400000, 0x000000068f400000, 0x000000068f800000|  0%| F|  |TAMS 0x000000068f400000| PB 0x000000068f400000| Untracked |  0
|  25|0x000000068f800000, 0x000000068f800000, 0x000000068fc00000|  0%| F|  |TAMS 0x000000068f800000| PB 0x000000068f800000| Untracked |  0
|  26|0x000000068fc00000, 0x000000068fc00000, 0x0000000690000000|  0%| F|  |TAMS 0x000000068fc00000| PB 0x000000068fc00000| Untracked |  0
|  27|0x0000000690000000, 0x0000000690000000, 0x0000000690400000|  0%| F|  |TAMS 0x0000000690000000| PB 0x0000000690000000| Untracked |  0
|  28|0x0000000690400000, 0x0000000690400000, 0x0000000690800000|  0%| F|  |TAMS 0x0000000690400000| PB 0x0000000690400000| Untracked |  0
|  29|0x0000000690800000, 0x0000000690800000, 0x0000000690c00000|  0%| F|  |TAMS 0x0000000690800000| PB 0x0000000690800000| Untracked |  0
|  30|0x0000000690c00000, 0x0000000690c00000, 0x0000000691000000|  0%| F|  |TAMS 0x0000000690c00000| PB 0x0000000690c00000| Untracked |  0
|  31|0x0000000691000000, 0x0000000691000000, 0x0000000691400000|  0%| F|  |TAMS 0x0000000691000000| PB 0x0000000691000000| Untracked |  0
|  32|0x0000000691400000, 0x0000000691400000, 0x0000000691800000|  0%| F|  |TAMS 0x0000000691400000| PB 0x0000000691400000| Untracked |  0
|  33|0x0000000691800000, 0x0000000691800000, 0x0000000691c00000|  0%| F|  |TAMS 0x0000000691800000| PB 0x0000000691800000| Untracked |  0
|  34|0x0000000691c00000, 0x0000000691c00000, 0x0000000692000000|  0%| F|  |TAMS 0x0000000691c00000| PB 0x0000000691c00000| Untracked |  0
|  35|0x0000000692000000, 0x0000000692000000, 0x0000000692400000|  0%| F|  |TAMS 0x0000000692000000| PB 0x0000000692000000| Untracked |  0
|  36|0x0000000692400000, 0x0000000692400000, 0x0000000692800000|  0%| F|  |TAMS 0x0000000692400000| PB 0x0000000692400000| Untracked |  0
|  37|0x0000000692800000, 0x0000000692800000, 0x0000000692c00000|  0%| F|  |TAMS 0x0000000692800000| PB 0x0000000692800000| Untracked |  0
|  38|0x0000000692c00000, 0x0000000692c00000, 0x0000000693000000|  0%| F|  |TAMS 0x0000000692c00000| PB 0x0000000692c00000| Untracked |  0
|  39|0x0000000693000000, 0x0000000693000000, 0x0000000693400000|  0%| F|  |TAMS 0x0000000693000000| PB 0x0000000693000000| Untracked |  0
|  40|0x0000000693400000, 0x0000000693400000, 0x0000000693800000|  0%| F|  |TAMS 0x0000000693400000| PB 0x0000000693400000| Untracked |  0
|  41|0x0000000693800000, 0x0000000693800000, 0x0000000693c00000|  0%| F|  |TAMS 0x0000000693800000| PB 0x0000000693800000| Untracked |  0
|  42|0x0000000693c00000, 0x0000000693c00000, 0x0000000694000000|  0%| F|  |TAMS 0x0000000693c00000| PB 0x0000000693c00000| Untracked |  0
|  43|0x0000000694000000, 0x0000000694000000, 0x0000000694400000|  0%| F|  |TAMS 0x0000000694000000| PB 0x0000000694000000| Untracked |  0
|  44|0x0000000694400000, 0x0000000694400000, 0x0000000694800000|  0%| F|  |TAMS 0x0000000694400000| PB 0x0000000694400000| Untracked |  0
|  45|0x0000000694800000, 0x0000000694800000, 0x0000000694c00000|  0%| F|  |TAMS 0x0000000694800000| PB 0x0000000694800000| Untracked |  0
|  46|0x0000000694c00000, 0x0000000694c00000, 0x0000000695000000|  0%| F|  |TAMS 0x0000000694c00000| PB 0x0000000694c00000| Untracked |  0
|  47|0x0000000695000000, 0x0000000695000000, 0x0000000695400000|  0%| F|  |TAMS 0x0000000695000000| PB 0x0000000695000000| Untracked |  0
|  48|0x0000000695400000, 0x0000000695400000, 0x0000000695800000|  0%| F|  |TAMS 0x0000000695400000| PB 0x0000000695400000| Untracked |  0
|  49|0x0000000695800000, 0x0000000695800000, 0x0000000695c00000|  0%| F|  |TAMS 0x0000000695800000| PB 0x0000000695800000| Untracked |  0
|  50|0x0000000695c00000, 0x0000000695c00000, 0x0000000696000000|  0%| F|  |TAMS 0x0000000695c00000| PB 0x0000000695c00000| Untracked |  0
|  51|0x0000000696000000, 0x0000000696000000, 0x0000000696400000|  0%| F|  |TAMS 0x0000000696000000| PB 0x0000000696000000| Untracked |  0
|  52|0x0000000696400000, 0x0000000696400000, 0x0000000696800000|  0%| F|  |TAMS 0x0000000696400000| PB 0x0000000696400000| Untracked |  0
|  53|0x0000000696800000, 0x0000000696800000, 0x0000000696c00000|  0%| F|  |TAMS 0x0000000696800000| PB 0x0000000696800000| Untracked |  0
|  54|0x0000000696c00000, 0x0000000696c00000, 0x0000000697000000|  0%| F|  |TAMS 0x0000000696c00000| PB 0x0000000696c00000| Untracked |  0
|  55|0x0000000697000000, 0x0000000697000000, 0x0000000697400000|  0%| F|  |TAMS 0x0000000697000000| PB 0x0000000697000000| Untracked |  0
|  56|0x0000000697400000, 0x0000000697400000, 0x0000000697800000|  0%| F|  |TAMS 0x0000000697400000| PB 0x0000000697400000| Untracked |  0
|  57|0x0000000697800000, 0x0000000697800000, 0x0000000697c00000|  0%| F|  |TAMS 0x0000000697800000| PB 0x0000000697800000| Untracked |  0
|  58|0x0000000697c00000, 0x0000000697c00000, 0x0000000698000000|  0%| F|  |TAMS 0x0000000697c00000| PB 0x0000000697c00000| Untracked |  0
|  59|0x0000000698000000, 0x0000000698000000, 0x0000000698400000|  0%| F|  |TAMS 0x0000000698000000| PB 0x0000000698000000| Untracked |  0
|  60|0x0000000698400000, 0x0000000698400000, 0x0000000698800000|  0%| F|  |TAMS 0x0000000698400000| PB 0x0000000698400000| Untracked |  0
|  61|0x0000000698800000, 0x0000000698800000, 0x0000000698c00000|  0%| F|  |TAMS 0x0000000698800000| PB 0x0000000698800000| Untracked |  0
|  62|0x0000000698c00000, 0x0000000698c00000, 0x0000000699000000|  0%| F|  |TAMS 0x0000000698c00000| PB 0x0000000698c00000| Untracked |  0
|  63|0x0000000699000000, 0x0000000699000000, 0x0000000699400000|  0%| F|  |TAMS 0x0000000699000000| PB 0x0000000699000000| Untracked |  0
|  64|0x0000000699400000, 0x0000000699400000, 0x0000000699800000|  0%| F|  |TAMS 0x0000000699400000| PB 0x0000000699400000| Untracked |  0
|  65|0x0000000699800000, 0x0000000699800000, 0x0000000699c00000|  0%| F|  |TAMS 0x0000000699800000| PB 0x0000000699800000| Untracked |  0
|  66|0x0000000699c00000, 0x0000000699c00000, 0x000000069a000000|  0%| F|  |TAMS 0x0000000699c00000| PB 0x0000000699c00000| Untracked |  0
|  67|0x000000069a000000, 0x000000069a000000, 0x000000069a400000|  0%| F|  |TAMS 0x000000069a000000| PB 0x000000069a000000| Untracked |  0
|  68|0x000000069a400000, 0x000000069a400000, 0x000000069a800000|  0%| F|  |TAMS 0x000000069a400000| PB 0x000000069a400000| Untracked |  0
|  69|0x000000069a800000, 0x000000069a800000, 0x000000069ac00000|  0%| F|  |TAMS 0x000000069a800000| PB 0x000000069a800000| Untracked |  0
|  70|0x000000069ac00000, 0x000000069ac00000, 0x000000069b000000|  0%| F|  |TAMS 0x000000069ac00000| PB 0x000000069ac00000| Untracked |  0
|  71|0x000000069b000000, 0x000000069b000000, 0x000000069b400000|  0%| F|  |TAMS 0x000000069b000000| PB 0x000000069b000000| Untracked |  0
|  72|0x000000069b400000, 0x000000069b400000, 0x000000069b800000|  0%| F|  |TAMS 0x000000069b400000| PB 0x000000069b400000| Untracked |  0
|  73|0x000000069b800000, 0x000000069b800000, 0x000000069bc00000|  0%| F|  |TAMS 0x000000069b800000| PB 0x000000069b800000| Untracked |  0
|  74|0x000000069bc00000, 0x000000069bc00000, 0x000000069c000000|  0%| F|  |TAMS 0x000000069bc00000| PB 0x000000069bc00000| Untracked |  0
|  75|0x000000069c000000, 0x000000069c000000, 0x000000069c400000|  0%| F|  |TAMS 0x000000069c000000| PB 0x000000069c000000| Untracked |  0
|  76|0x000000069c400000, 0x000000069c400000, 0x000000069c800000|  0%| F|  |TAMS 0x000000069c400000| PB 0x000000069c400000| Untracked |  0
|  77|0x000000069c800000, 0x000000069c800000, 0x000000069cc00000|  0%| F|  |TAMS 0x000000069c800000| PB 0x000000069c800000| Untracked |  0
|  78|0x000000069cc00000, 0x000000069cc00000, 0x000000069d000000|  0%| F|  |TAMS 0x000000069cc00000| PB 0x000000069cc00000| Untracked |  0
|  79|0x000000069d000000, 0x000000069d000000, 0x000000069d400000|  0%| F|  |TAMS 0x000000069d000000| PB 0x000000069d000000| Untracked |  0
|  80|0x000000069d400000, 0x000000069d63a698, 0x000000069d800000| 55%| S|CS|TAMS 0x000000069d400000| PB 0x000000069d400000| Complete |  0
|  81|0x000000069d800000, 0x000000069dc00000, 0x000000069dc00000|100%| S|CS|TAMS 0x000000069d800000| PB 0x000000069d800000| Complete |  0
|  82|0x000000069dc00000, 0x000000069dc00000, 0x000000069e000000|  0%| F|  |TAMS 0x000000069dc00000| PB 0x000000069dc00000| Untracked |  0
|  83|0x000000069e000000, 0x000000069e000000, 0x000000069e400000|  0%| F|  |TAMS 0x000000069e000000| PB 0x000000069e000000| Untracked |  0
|  84|0x000000069e400000, 0x000000069e400000, 0x000000069e800000|  0%| F|  |TAMS 0x000000069e400000| PB 0x000000069e400000| Untracked |  0
|  85|0x000000069e800000, 0x000000069e800000, 0x000000069ec00000|  0%| F|  |TAMS 0x000000069e800000| PB 0x000000069e800000| Untracked |  0
|  86|0x000000069ec00000, 0x000000069ec00000, 0x000000069f000000|  0%| F|  |TAMS 0x000000069ec00000| PB 0x000000069ec00000| Untracked |  0
|  87|0x000000069f000000, 0x000000069f000000, 0x000000069f400000|  0%| F|  |TAMS 0x000000069f000000| PB 0x000000069f000000| Untracked |  0
|  88|0x000000069f400000, 0x000000069f5655a8, 0x000000069f800000| 34%| E|  |TAMS 0x000000069f400000| PB 0x000000069f400000| Complete |  0
|  89|0x000000069f800000, 0x000000069fc00000, 0x000000069fc00000|100%| E|CS|TAMS 0x000000069f800000| PB 0x000000069f800000| Complete |  0
|  90|0x000000069fc00000, 0x00000006a0000000, 0x00000006a0000000|100%| E|CS|TAMS 0x000000069fc00000| PB 0x000000069fc00000| Complete |  0
|  91|0x00000006a0000000, 0x00000006a0400000, 0x00000006a0400000|100%| E|CS|TAMS 0x00000006a0000000| PB 0x00000006a0000000| Complete |  0
|  92|0x00000006a0400000, 0x00000006a0800000, 0x00000006a0800000|100%| E|CS|TAMS 0x00000006a0400000| PB 0x00000006a0400000| Complete |  0
|  93|0x00000006a0800000, 0x00000006a0c00000, 0x00000006a0c00000|100%| E|CS|TAMS 0x00000006a0800000| PB 0x00000006a0800000| Complete |  0
|1498|0x00000007ffc00000, 0x00000007ffd1c288, 0x0000000800000000| 27%| O|  |TAMS 0x00000007ffc00000| PB 0x00000007ffc00000| Untracked |  0

Card table byte_map: [0x0000020debe80000,0x0000020deca40000] _byte_map_base: 0x0000020de8a36000

Marking Bits: (CMBitMap*) 0x0000020dd3112ac0
 Bits: [0x0000020deca40000, 0x0000020df27f0000)

Polling page: 0x0000020dd0e90000

Metaspace:

Usage:
  Non-class:     16.59 MB used.
      Class:      1.83 MB used.
       Both:     18.42 MB used.

Virtual space:
  Non-class space:       64.00 MB reserved,      16.75 MB ( 26%) committed,  1 nodes.
      Class space:        1.00 GB reserved,       1.94 MB ( <1%) committed,  1 nodes.
             Both:        1.06 GB reserved,      18.69 MB (  2%) committed. 

Chunk freelists:
   Non-Class:  14.86 MB
       Class:  14.06 MB
        Both:  28.93 MB

MaxMetaspaceSize: unlimited
CompressedClassSpaceSize: 1.00 GB
Initial GC threshold: 21.00 MB
Current GC threshold: 21.00 MB
CDS: on
 - commit_granule_bytes: 65536.
 - commit_granule_words: 8192.
 - virtual_space_node_default_size: 8388608.
 - enlarge_chunks_in_place: 1.
UseCompressedClassPointers 1, UseCompactObjectHeaders 0
Narrow klass pointer bits 32, Max shift 3
Narrow klass base: 0x0000020d80000000, Narrow klass shift: 0
Encoding Range: [0x0000020d80000000 - 0x0000020e80000000), (4294967296 bytes)
Klass Range:    [0x0000020d80000000 - 0x0000020dc1000000), (1090519040 bytes)
Klass ID Range:  [8 - 1090519033) (1090519025)


Internal statistics:

num_allocs_failed_limit: 0.
num_arena_births: 196.
num_arena_deaths: 0.
num_vsnodes_births: 2.
num_vsnodes_deaths: 0.
num_space_committed: 299.
num_space_uncommitted: 0.
num_chunks_returned_to_freelist: 0.
num_chunks_taken_from_freelist: 490.
num_chunk_merges: 0.
num_chunk_splits: 310.
num_chunks_enlarged: 213.
num_inconsistent_stats: 0.

CodeHeap 'non-profiled nmethods': size=119232Kb used=945Kb max_used=945Kb free=118286Kb
 bounds [0x0000020de34c0000, 0x0000020de3730000, 0x0000020dea930000]
CodeHeap 'profiled nmethods': size=119104Kb used=5322Kb max_used=5322Kb free=113781Kb
 bounds [0x0000020ddb930000, 0x0000020ddbe70000, 0x0000020de2d80000]
CodeHeap 'non-nmethods': size=7424Kb used=2557Kb max_used=3140Kb free=4866Kb
 bounds [0x0000020de2d80000, 0x0000020de30a0000, 0x0000020de34c0000]
CodeCache: size=245760Kb, used=8824Kb, max_used=9407Kb, free=236933Kb
 total_blobs=3784, nmethods=3195, adapters=492, full_count=0
Compilation: enabled, stopped_count=0, restarted_count=0

Compilation events (20 events):
Event: 20.253 Thread 0x0000020df537d230 nmethod 3165 0x0000020de35aaf88 code [0x0000020de35ab100, 0x0000020de35ab710]
Event: 20.253 Thread 0x0000020dc53e6950 nmethod 3166 0x0000020de35ab788 code [0x0000020de35ab8c0, 0x0000020de35abe10]
Event: 20.255 Thread 0x0000020dc504ddb0 3189       1       jdk.jfr.internal.periodic.EventTask::getEventType (5 bytes)
Event: 20.255 Thread 0x0000020dc504ddb0 nmethod 3189 0x0000020de35abe88 code [0x0000020de35abf80, 0x0000020de35ac048]
Event: 20.255 Thread 0x0000020dc504ddb0 3190       1       jdk.jfr.internal.periodic.PeriodicTask::getPeriod (5 bytes)
Event: 20.255 Thread 0x0000020dc592a3c0 3191       3       java.lang.invoke.MethodHandleNatives::linkCallSite (65 bytes)
Event: 20.255 Thread 0x0000020dc504ddb0 nmethod 3190 0x0000020de35ac188 code [0x0000020de35ac280, 0x0000020de35ac348]
Event: 20.255 Thread 0x0000020dc5929c30 3192       3       java.lang.invoke.MethodHandleNatives::linkCallSiteImpl (119 bytes)
Event: 20.255 Thread 0x0000020dc504ddb0 3193   !   3       java.lang.invoke.CallSite::makeSite (95 bytes)
Event: 20.255 Thread 0x0000020dc592a3c0 nmethod 3191 0x0000020ddbe57008 code [0x0000020ddbe57160, 0x0000020ddbe576d0]
Event: 20.255 Thread 0x0000020dc592a3c0 3196       3       java.lang.invoke.MethodHandle::asTypeCached (52 bytes)
Event: 20.256 Thread 0x0000020dc5929c30 nmethod 3192 0x0000020ddbe57708 code [0x0000020ddbe578c0, 0x0000020ddbe58220]
Event: 20.256 Thread 0x0000020dc592a3c0 nmethod 3196 0x0000020ddbe58288 code [0x0000020ddbe583c0, 0x0000020ddbe587c0]
Event: 20.256 Thread 0x0000020dc5929c30 3194   !   3       java.lang.invoke.BootstrapMethodInvoker::invoke (978 bytes)
Event: 20.256 Thread 0x0000020dc592a3c0 3195       3       java.lang.invoke.MethodHandleNatives::staticArgumentsPulled (5 bytes)
Event: 20.256 Thread 0x0000020dc592a3c0 nmethod 3195 0x0000020ddbe58808 code [0x0000020ddbe58920, 0x0000020ddbe58ae0]
Event: 20.256 Thread 0x0000020dc592a3c0 3197       3       java.lang.invoke.BootstrapMethodInvoker::widenAndCast (47 bytes)
Event: 20.256 Thread 0x0000020dc592a3c0 nmethod 3197 0x0000020ddbe58b08 code [0x0000020ddbe58d00, 0x0000020ddbe59a28]
Event: 20.256 Thread 0x0000020dc504ddb0 nmethod 3193 0x0000020ddbe59a88 code [0x0000020ddbe59da0, 0x0000020ddbe5b5f8]
Event: 20.259 Thread 0x0000020dc5929c30 nmethod 3194 0x0000020ddbe5b708 code [0x0000020ddbe5be00, 0x0000020ddbe62a48]

GC Heap History (2 events):
Event: 1.815 GC heap before
{Heap before GC invocations=0 (full 0):
 garbage-first heap   total reserved 6139904K, committed 389120K, used 46192K [0x0000000689400000, 0x0000000800000000)
  region size 4096K, 12 young (49152K), 0 survivors (0K)
 Metaspace       used 16187K, committed 16384K, reserved 1114112K
  class space    used 1577K, committed 1664K, reserved 1048576K
}
Event: 1.824 GC heap after
{Heap after GC invocations=1 (full 0):
 garbage-first heap   total reserved 6139904K, committed 389120K, used 7514K [0x0000000689400000, 0x0000000800000000)
  region size 4096K, 2 young (8192K), 2 survivors (8192K)
 Metaspace       used 16187K, committed 16384K, reserved 1114112K
  class space    used 1577K, committed 1664K, reserved 1048576K
}

Dll operation events (14 events):
Event: 0.013 Loaded shared library C:\Users\Dell-PC\.jdks\openjdk-24.0.1\bin\java.dll
Event: 0.043 Loaded shared library C:\Users\Dell-PC\.jdks\openjdk-24.0.1\bin\jsvml.dll
Event: 0.081 Loaded shared library C:\Users\Dell-PC\.jdks\openjdk-24.0.1\bin\zip.dll
Event: 0.085 Loaded shared library C:\Users\Dell-PC\.jdks\openjdk-24.0.1\bin\instrument.dll
Event: 0.091 Loaded shared library C:\Users\Dell-PC\.jdks\openjdk-24.0.1\bin\net.dll
Event: 0.094 Loaded shared library C:\Users\Dell-PC\.jdks\openjdk-24.0.1\bin\nio.dll
Event: 0.105 Loaded shared library C:\Users\Dell-PC\.jdks\openjdk-24.0.1\bin\zip.dll
Event: 0.130 Loaded shared library C:\Program Files\JetBrains\IntelliJ IDEA 2024.1\bin\breakgen64.dll
Event: 0.145 Loaded shared library C:\Users\Dell-PC\.jdks\openjdk-24.0.1\bin\extnet.dll
Event: 0.188 Loaded shared library C:\Users\Dell-PC\.jdks\openjdk-24.0.1\bin\jimage.dll
Event: 0.608 Loaded shared library C:\Users\Dell-PC\.jdks\openjdk-24.0.1\bin\management.dll
Event: 0.612 Loaded shared library C:\Users\Dell-PC\.jdks\openjdk-24.0.1\bin\management_ext.dll
Event: 1.151 Loaded shared library C:\Users\Dell-PC\.jdks\openjdk-24.0.1\bin\sunmscapi.dll
Event: 20.095 Loaded shared library C:\Users\Dell-PC\AppData\Local\Temp\idea_libasyncProfiler_dll_temp_folder\libasyncProfiler.dll

Deoptimization events (20 events):
Event: 20.170 Thread 0x0000020df537a940 Uncommon trap: trap_request=0xffffffc6 fr.pc=0x0000020de352ed5c relative=0x00000000000002fc
Event: 20.170 Thread 0x0000020df537a940 Uncommon trap: reason=bimorphic_or_optimized_type_check action=maybe_recompile pc=0x0000020de352ed5c method=java.util.HashMap.getNode(Ljava/lang/Object;)Ljava/util/HashMap$Node; @ 128 c2
Event: 20.170 Thread 0x0000020df537a940 DEOPT PACKING pc=0x0000020de352ed5c sp=0x00000046ad3fd3c0
Event: 20.170 Thread 0x0000020df537a940 DEOPT UNPACKING pc=0x0000020de2e94102 sp=0x00000046ad3fd328 mode 2
Event: 20.170 Thread 0x0000020df537a940 Uncommon trap: trap_request=0xffffffc6 fr.pc=0x0000020de352ed5c relative=0x00000000000002fc
Event: 20.170 Thread 0x0000020df537a940 Uncommon trap: reason=bimorphic_or_optimized_type_check action=maybe_recompile pc=0x0000020de352ed5c method=java.util.HashMap.getNode(Ljava/lang/Object;)Ljava/util/HashMap$Node; @ 128 c2
Event: 20.170 Thread 0x0000020df537a940 DEOPT PACKING pc=0x0000020de352ed5c sp=0x00000046ad3fd3c0
Event: 20.170 Thread 0x0000020df537a940 DEOPT UNPACKING pc=0x0000020de2e94102 sp=0x00000046ad3fd328 mode 2
Event: 20.192 Thread 0x0000020df537a940 Uncommon trap: trap_request=0xffffff4d fr.pc=0x0000020de35976a8 relative=0x0000000000000168
Event: 20.192 Thread 0x0000020df537a940 Uncommon trap: reason=unstable_if action=reinterpret pc=0x0000020de35976a8 method=jdk.jfr.internal.Type.getKnownType(Ljava/lang/Class;)Ljdk/jfr/internal/Type; @ 47 c2
Event: 20.192 Thread 0x0000020df537a940 DEOPT PACKING pc=0x0000020de35976a8 sp=0x00000046ad3fdcc0
Event: 20.192 Thread 0x0000020df537a940 DEOPT UNPACKING pc=0x0000020de2e94102 sp=0x00000046ad3fdc58 mode 2
Event: 20.198 Thread 0x0000020df537a940 Uncommon trap: trap_request=0xffffff4d fr.pc=0x0000020de34fc3cc relative=0x000000000000028c
Event: 20.198 Thread 0x0000020df537a940 Uncommon trap: reason=unstable_if action=reinterpret pc=0x0000020de34fc3cc method=java.util.concurrent.ConcurrentHashMap.get(Ljava/lang/Object;)Ljava/lang/Object; @ 76 c2
Event: 20.198 Thread 0x0000020df537a940 DEOPT PACKING pc=0x0000020de34fc3cc sp=0x00000046ad3fdce0
Event: 20.198 Thread 0x0000020df537a940 DEOPT UNPACKING pc=0x0000020de2e94102 sp=0x00000046ad3fdc58 mode 2
Event: 20.203 Thread 0x0000020df537a940 Uncommon trap: trap_request=0xffffffcc fr.pc=0x0000020de358a5ec relative=0x00000000000003ac
Event: 20.203 Thread 0x0000020df537a940 Uncommon trap: reason=intrinsic_or_type_checked_inlining action=make_not_entrant pc=0x0000020de358a5ec method=java.util.Arrays.copyOf([Ljava/lang/Object;ILjava/lang/Class;)[Ljava/lang/Object; @ 35 c2
Event: 20.203 Thread 0x0000020df537a940 DEOPT PACKING pc=0x0000020de358a5ec sp=0x00000046ad3fde40
Event: 20.203 Thread 0x0000020df537a940 DEOPT UNPACKING pc=0x0000020de2e94102 sp=0x00000046ad3fddd0 mode 2

Classes loaded (20 events):
Event: 20.233 Loading class jdk/jfr/internal/MetadataWriter
Event: 20.233 Loading class jdk/jfr/internal/MetadataWriter done
Event: 20.233 Loading class jdk/jfr/internal/MetadataDescriptor$Element
Event: 20.233 Loading class jdk/jfr/internal/MetadataDescriptor$Element done
Event: 20.233 Loading class jdk/jfr/internal/MetadataDescriptor$Attribute
Event: 20.234 Loading class jdk/jfr/internal/MetadataDescriptor$Attribute done
Event: 20.240 Loading class jdk/jfr/internal/consumer/StringParser$Encoding
Event: 20.240 Loading class jdk/jfr/internal/consumer/StringParser$Encoding done
Event: 20.246 Loading class jdk/jfr/internal/consumer/RepositoryFiles
Event: 20.246 Loading class jdk/jfr/internal/consumer/RepositoryFiles done
Event: 20.248 Loading class jdk/jfr/internal/SettingsManager$InternalSetting
Event: 20.249 Loading class jdk/jfr/internal/SettingsManager$InternalSetting done
Event: 20.250 Loading class jdk/jfr/internal/util/Rate
Event: 20.250 Loading class jdk/jfr/internal/util/Rate done
Event: 20.250 Loading class jdk/jfr/internal/util/TimespanUnit
Event: 20.250 Loading class jdk/jfr/internal/util/TimespanUnit done
Event: 20.250 Loading class jdk/jfr/internal/util/ValueParser
Event: 20.250 Loading class jdk/jfr/internal/util/ValueParser done
Event: 20.252 Loading class jdk/jfr/internal/periodic/PeriodicType
Event: 20.252 Loading class jdk/jfr/internal/periodic/PeriodicType done

Classes unloaded (0 events):
No events

Classes redefined (0 events):
No events

Internal exceptions (20 events):
Event: 1.213 Thread 0x0000020dd0d07340 Exception <a 'java/lang/NoSuchMethodError'{0x000000069ea229d8}: 'java.lang.Object java.lang.invoke.DirectMethodHandle$Holder.invokeStaticInit(java.lang.Object, int, int, int, int)'> (0x000000069ea229d8) 
thrown [s\open\src\hotspot\share\interpreter\linkResolver.cpp, line 805]
Event: 1.236 Thread 0x0000020df537a940 Implicit null exception at 0x0000020de35100d9 to 0x0000020de3510844
Event: 1.237 Thread 0x0000020df537a940 Implicit null exception at 0x0000020de350ea1d to 0x0000020de350ea99
Event: 1.243 Thread 0x0000020df537a940 Exception <a 'java/lang/NoSuchMethodError'{0x00000006a0aa10f0}: 'java.lang.Object java.lang.invoke.DirectMethodHandle$Holder.newInvokeSpecial(java.lang.Object, java.lang.Object, java.lang.Object, int)'> (0x00000006a0aa10f0) 
thrown [s\open\src\hotspot\share\interpreter\linkResolver.cpp, line 805]
Event: 1.243 Thread 0x0000020dd0d07340 Exception <a 'java/lang/NoSuchMethodError'{0x000000069eaf2278}: 'java.lang.Object java.lang.invoke.DirectMethodHandle$Holder.invokeStaticInit(java.lang.Object, java.lang.Object, int, int, int, int)'> (0x000000069eaf2278) 
thrown [s\open\src\hotspot\share\interpreter\linkResolver.cpp, line 805]
Event: 1.243 Thread 0x0000020df537a940 Exception <a 'java/lang/NoSuchMethodError'{0x00000006a0aa9ce8}: 'java.lang.Object java.lang.invoke.Invokers$Holder.linkToTargetMethod(java.lang.Object, java.lang.Object, int, java.lang.Object)'> (0x00000006a0aa9ce8) 
thrown [s\open\src\hotspot\share\interpreter\linkResolver.cpp, line 805]
Event: 1.251 Thread 0x0000020df537a940 Exception <a 'java/lang/NoSuchMethodError'{0x000000069ebddca8}: 'long java.lang.invoke.DirectMethodHandle$Holder.invokeSpecial(java.lang.Object, java.lang.Object)'> (0x000000069ebddca8) 
thrown [s\open\src\hotspot\share\interpreter\linkResolver.cpp, line 805]
Event: 1.262 Thread 0x0000020dd0d07340 Exception <a 'java/lang/NoSuchMethodError'{0x000000069eb86168}: 'void java.lang.invoke.DirectMethodHandle$Holder.invokeStaticInit(java.lang.Object, java.lang.Object, java.lang.Object)'> (0x000000069eb86168) 
thrown [s\open\src\hotspot\share\interpreter\linkResolver.cpp, line 805]
Event: 1.290 Thread 0x0000020dd0d07340 Exception <a 'java/lang/NoSuchMethodError'{0x000000069e5a91c0}: 'void java.lang.invoke.DirectMethodHandle$Holder.invokeSpecial(java.lang.Object, java.lang.Object, java.lang.Object, java.lang.Object, java.lang.Object)'> (0x000000069e5a91c0) 
thrown [s\open\src\hotspot\share\interpreter\linkResolver.cpp, line 805]
Event: 1.689 Thread 0x0000020dc6320b20 Exception <a 'java/lang/NoSuchMethodError'{0x000000069e3ecc80}: 'java.lang.Object java.lang.invoke.Invokers$Holder.invoke_MT(java.lang.Object, java.lang.Object, java.lang.Object, java.lang.Object, java.lang.Object, java.lang.Object)'> (0x000000069e3ecc80) 
thrown [s\open\src\hotspot\share\interpreter\linkResolver.cpp, line 805]
Event: 20.128 Thread 0x0000020df537a940 Exception <a 'java/lang/NoSuchMethodError'{0x00000006a02154a8}: 'void java.lang.invoke.DirectMethodHandle$Holder.invokeStaticInit(java.lang.Object)'> (0x00000006a02154a8) 
thrown [s\open\src\hotspot\share\interpreter\linkResolver.cpp, line 805]
Event: 20.134 Thread 0x0000020df537a940 Exception <a 'java/lang/NoSuchMethodError'{0x00000006a0273d40}: 'java.lang.Object java.lang.invoke.DirectMethodHandle$Holder.newInvokeSpecial(java.lang.Object, java.lang.Object, java.lang.Object, java.lang.Object, java.lang.Object)'> (0x00000006a0273d40) 
thrown [s\open\src\hotspot\share\interpreter\linkResolver.cpp, line 805]
Event: 20.163 Thread 0x0000020df537a940 Exception <a 'java/lang/NoSuchMethodError'{0x000000069fc781e0}: 'long java.lang.invoke.DirectMethodHandle$Holder.invokeVirtual(java.lang.Object, java.lang.Object)'> (0x000000069fc781e0) 
thrown [s\open\src\hotspot\share\interpreter\linkResolver.cpp, line 805]
Event: 20.221 Thread 0x0000020df537a940 Exception <a 'java/lang/NoSuchMethodError'{0x000000069f8f6e68}: 'void java.lang.invoke.DirectMethodHandle$Holder.invokeSpecial(java.lang.Object, java.lang.Object, int)'> (0x000000069f8f6e68) 
thrown [s\open\src\hotspot\share\interpreter\linkResolver.cpp, line 805]
Event: 20.221 Thread 0x0000020df537a940 Exception <a 'java/lang/NoSuchMethodError'{0x000000069f8fea88}: 'void java.lang.invoke.Invokers$Holder.invokeExact_MT(java.lang.Object, int, java.lang.Object)'> (0x000000069f8fea88) 
thrown [s\open\src\hotspot\share\interpreter\linkResolver.cpp, line 805]
Event: 20.222 Thread 0x0000020df537a940 Exception <a 'java/lang/NoSuchMethodError'{0x000000069f919168}: 'void java.lang.invoke.DirectMethodHandle$Holder.invokeStatic(java.lang.Object, java.lang.Object, int)'> (0x000000069f919168) 
thrown [s\open\src\hotspot\share\interpreter\linkResolver.cpp, line 805]
Event: 20.223 Thread 0x0000020df537a940 Exception <a 'java/lang/NoSuchMethodError'{0x000000069f928140}: 'java.lang.Object java.lang.invoke.DirectMethodHandle$Holder.newInvokeSpecial(java.lang.Object, java.lang.Object, int)'> (0x000000069f928140) 
thrown [s\open\src\hotspot\share\interpreter\linkResolver.cpp, line 805]
Event: 20.226 Thread 0x0000020df537a940 Exception <a 'sun/nio/fs/WindowsException'{0x000000069f9d2430}> (0x000000069f9d2430) 
thrown [s\open\src\hotspot\share\prims\jni.cpp, line 518]
Event: 20.228 Thread 0x0000020df537a940 Exception <a 'sun/nio/fs/WindowsException'{0x000000069f9df2b0}> (0x000000069f9df2b0) 
thrown [s\open\src\hotspot\share\prims\jni.cpp, line 518]
Event: 20.231 Thread 0x0000020df537a940 Exception <a 'sun/nio/fs/WindowsException'{0x000000069f9f1120}> (0x000000069f9f1120) 
thrown [s\open\src\hotspot\share\prims\jni.cpp, line 518]

VM Operations (20 events):
Event: 1.080 Executing VM operation: HandshakeAllThreads (Deoptimize)
Event: 1.080 Executing VM operation: HandshakeAllThreads (Deoptimize) done
Event: 1.181 Executing VM operation: HandshakeAllThreads (Deoptimize)
Event: 1.181 Executing VM operation: HandshakeAllThreads (Deoptimize) done
Event: 1.250 Executing VM operation: HandshakeAllThreads (Deoptimize)
Event: 1.250 Executing VM operation: HandshakeAllThreads (Deoptimize) done
Event: 1.255 Executing VM operation: HandshakeAllThreads (Deoptimize)
Event: 1.255 Executing VM operation: HandshakeAllThreads (Deoptimize) done
Event: 1.328 Executing VM operation: HandshakeAllThreads (Deoptimize)
Event: 1.328 Executing VM operation: HandshakeAllThreads (Deoptimize) done
Event: 1.428 Executing VM operation: HandshakeAllThreads (Deoptimize)
Event: 1.428 Executing VM operation: HandshakeAllThreads (Deoptimize) done
Event: 1.815 Executing VM operation: G1CollectForAllocation (G1 Evacuation Pause)
Event: 1.824 Executing VM operation: G1CollectForAllocation (G1 Evacuation Pause) done
Event: 2.432 Executing VM operation: HandshakeAllThreads (Deoptimize)
Event: 2.432 Executing VM operation: HandshakeAllThreads (Deoptimize) done
Event: 20.224 Executing VM operation: HandshakeAllThreads (Deoptimize)
Event: 20.224 Executing VM operation: HandshakeAllThreads (Deoptimize) done
Event: 20.247 Executing VM operation: JFRSafepointClear
Event: 20.247 Executing VM operation: JFRSafepointClear done

Memory protections (0 events):
No events

Nmethod flushes (0 events):
No events

Events (20 events):
Event: 2.145 Thread 0x0000020dc699a9c0 Thread added: 0x0000020dc69993d0
Event: 2.148 Thread 0x0000020dc69993d0 Thread added: 0x0000020dc5be1e90
Event: 2.149 Thread 0x0000020dc69993d0 Thread exited: 0x0000020dc69993d0
Event: 2.228 Thread 0x0000020dc699a9c0 Thread added: 0x0000020dc5be4320
Event: 2.230 Thread 0x0000020dc5be4320 Thread exited: 0x0000020dc5be4320
Event: 2.322 Thread 0x0000020dc699a270 Thread added: 0x0000020dc5be3bd0
Event: 2.323 Thread 0x0000020dc5be3bd0 Thread exited: 0x0000020dc5be3bd0
Event: 2.403 Thread 0x0000020dc699a9c0 Thread added: 0x0000020dc5be25e0
Event: 2.468 Thread 0x0000020dc5be25e0 Thread exited: 0x0000020dc5be25e0
Event: 7.468 Thread 0x0000020dc5145e20 Thread exited: 0x0000020dc5145e20
Event: 12.468 Thread 0x0000020dc5145690 Thread exited: 0x0000020dc5145690
Event: 17.468 Thread 0x0000020dc513da50 Thread exited: 0x0000020dc513da50
Event: 20.112 Thread 0x0000020dc504ddb0 Thread added: 0x0000020dc53e6950
Event: 20.126 Thread 0x0000020df537a940 Thread added: 0x0000020dc5be5910
Event: 20.158 Thread 0x0000020dc504ddb0 Thread added: 0x0000020dc5929c30
Event: 20.159 Thread 0x0000020dc53e6950 Thread added: 0x0000020dc592a3c0
Event: 20.169 Thread 0x0000020dc5929c30 Thread added: 0x0000020dc5190ba0
Event: 20.170 Thread 0x0000020dc592a3c0 Thread added: 0x0000020dc5583040
Event: 20.170 Thread 0x0000020dc504ddb0 Thread added: 0x0000020dc8205d20
Event: 20.223 Thread 0x0000020df537a940 Thread added: 0x0000020dc5be3480


Dynamic libraries:
0x00007ff6ba610000 - 0x00007ff6ba61e000 	C:\Users\Dell-PC\.jdks\openjdk-24.0.1\bin\java.exe
0x00007ff8a57e0000 - 0x00007ff8a5a45000 	C:\WINDOWS\SYSTEM32\ntdll.dll
0x00007ff8a4e00000 - 0x00007ff8a4ec9000 	C:\WINDOWS\System32\KERNEL32.DLL
0x00007ff8a3190000 - 0x00007ff8a3578000 	C:\WINDOWS\System32\KERNELBASE.dll
0x00007ff8a2930000 - 0x00007ff8a2a7b000 	C:\WINDOWS\System32\ucrtbase.dll
0x00007ff890ef0000 - 0x00007ff890f06000 	C:\Users\Dell-PC\.jdks\openjdk-24.0.1\bin\jli.dll
0x00007ff890ed0000 - 0x00007ff890eeb000 	C:\Users\Dell-PC\.jdks\openjdk-24.0.1\bin\VCRUNTIME140.dll
0x00007ff8a5060000 - 0x00007ff8a522a000 	C:\WINDOWS\System32\USER32.dll
0x00007ff8a2a80000 - 0x00007ff8a2aa7000 	C:\WINDOWS\System32\win32u.dll
0x00007ff893730000 - 0x00007ff8939ca000 	C:\WINDOWS\WinSxS\amd64_microsoft.windows.common-controls_6595b64144ccf1df_6.0.26100.4202_none_3e0698d4e335f517\COMCTL32.dll
0x00007ff8a55c0000 - 0x00007ff8a55eb000 	C:\WINDOWS\System32\GDI32.dll
0x00007ff8a3f30000 - 0x00007ff8a3fd9000 	C:\WINDOWS\System32\msvcrt.dll
0x00007ff8a2b60000 - 0x00007ff8a2c97000 	C:\WINDOWS\System32\gdi32full.dll
0x00007ff8a2ab0000 - 0x00007ff8a2b53000 	C:\WINDOWS\System32\msvcp_win.dll
0x00007ff8a3fe0000 - 0x00007ff8a4010000 	C:\WINDOWS\System32\IMM32.DLL
0x00007ff892410000 - 0x00007ff89241c000 	C:\Users\Dell-PC\.jdks\openjdk-24.0.1\bin\vcruntime140_1.dll
0x00007ff87af30000 - 0x00007ff87afbe000 	C:\Users\Dell-PC\.jdks\openjdk-24.0.1\bin\msvcp140.dll
0x00007ff8057c0000 - 0x00007ff806562000 	C:\Users\Dell-PC\.jdks\openjdk-24.0.1\bin\server\jvm.dll
0x00007ff8a3ca0000 - 0x00007ff8a3d53000 	C:\WINDOWS\System32\ADVAPI32.dll
0x00007ff8a4020000 - 0x00007ff8a40c6000 	C:\WINDOWS\System32\sechost.dll
0x00007ff8a4b30000 - 0x00007ff8a4c45000 	C:\WINDOWS\System32\RPCRT4.dll
0x00007ff8a5720000 - 0x00007ff8a5794000 	C:\WINDOWS\System32\WS2_32.dll
0x00007ff8a2780000 - 0x00007ff8a27de000 	C:\WINDOWS\SYSTEM32\POWRPROF.dll
0x00007ff89bef0000 - 0x00007ff89befb000 	C:\WINDOWS\SYSTEM32\VERSION.dll
0x00007ff89ace0000 - 0x00007ff89ad15000 	C:\WINDOWS\SYSTEM32\WINMM.dll
0x00007ff8a2760000 - 0x00007ff8a2774000 	C:\WINDOWS\SYSTEM32\UMPDC.dll
0x00007ff8a16f0000 - 0x00007ff8a170b000 	C:\WINDOWS\SYSTEM32\kernel.appcore.dll
0x00007ff8919a0000 - 0x00007ff8919aa000 	C:\Users\Dell-PC\.jdks\openjdk-24.0.1\bin\jimage.dll
0x00007ff8986a0000 - 0x00007ff8988e1000 	C:\WINDOWS\SYSTEM32\DBGHELP.DLL
0x00007ff8a5230000 - 0x00007ff8a55b5000 	C:\WINDOWS\System32\combase.dll
0x00007ff8a48a0000 - 0x00007ff8a4981000 	C:\WINDOWS\System32\OLEAUT32.dll
0x00007ff886ca0000 - 0x00007ff886cd9000 	C:\WINDOWS\SYSTEM32\dbgcore.DLL
0x00007ff8a2e20000 - 0x00007ff8a2eb9000 	C:\WINDOWS\System32\bcryptPrimitives.dll
0x00007ff890340000 - 0x00007ff89034f000 	C:\Users\Dell-PC\.jdks\openjdk-24.0.1\bin\instrument.dll
0x00007ff88ffc0000 - 0x00007ff88ffde000 	C:\Users\Dell-PC\.jdks\openjdk-24.0.1\bin\java.dll
0x00007ff8a4c50000 - 0x00007ff8a4dee000 	C:\WINDOWS\System32\ole32.dll
0x00007ff8a4150000 - 0x00007ff8a4892000 	C:\WINDOWS\System32\SHELL32.dll
0x00007ff8a3010000 - 0x00007ff8a3184000 	C:\WINDOWS\System32\wintypes.dll
0x00007ff8a05d0000 - 0x00007ff8a0e28000 	C:\WINDOWS\SYSTEM32\windows.storage.dll
0x00007ff8a4990000 - 0x00007ff8a4a81000 	C:\WINDOWS\System32\SHCORE.dll
0x00007ff8a56b0000 - 0x00007ff8a571a000 	C:\WINDOWS\System32\shlwapi.dll
0x00007ff8a2840000 - 0x00007ff8a286f000 	C:\WINDOWS\SYSTEM32\profapi.dll
0x00007ff860280000 - 0x00007ff860357000 	C:\Users\Dell-PC\.jdks\openjdk-24.0.1\bin\jsvml.dll
0x00007ff88fdc0000 - 0x00007ff88fdd7000 	C:\Users\Dell-PC\.jdks\openjdk-24.0.1\bin\zip.dll
0x00007ff890330000 - 0x00007ff890340000 	C:\Users\Dell-PC\.jdks\openjdk-24.0.1\bin\net.dll
0x00007ff8a1c60000 - 0x00007ff8a1cca000 	C:\WINDOWS\system32\mswsock.dll
0x00007ff88fda0000 - 0x00007ff88fdb6000 	C:\Users\Dell-PC\.jdks\openjdk-24.0.1\bin\nio.dll
0x00007ff88fbc0000 - 0x00007ff88fbda000 	C:\Program Files\JetBrains\IntelliJ IDEA 2024.1\bin\breakgen64.dll
0x00007ff88fd90000 - 0x00007ff88fd99000 	C:\Users\Dell-PC\.jdks\openjdk-24.0.1\bin\extnet.dll
0x00007ff88da20000 - 0x00007ff88da2a000 	C:\Users\Dell-PC\.jdks\openjdk-24.0.1\bin\management.dll
0x00007ff88d930000 - 0x00007ff88d93b000 	C:\Users\Dell-PC\.jdks\openjdk-24.0.1\bin\management_ext.dll
0x00007ff8a55f0000 - 0x00007ff8a55f8000 	C:\WINDOWS\System32\PSAPI.DLL
0x00007ff880550000 - 0x00007ff880568000 	C:\WINDOWS\system32\napinsp.dll
0x00007ff8a1210000 - 0x00007ff8a1337000 	C:\WINDOWS\SYSTEM32\DNSAPI.dll
0x00007ff8a1120000 - 0x00007ff8a1153000 	C:\WINDOWS\SYSTEM32\IPHLPAPI.DLL
0x00007ff8a4a90000 - 0x00007ff8a4a9a000 	C:\WINDOWS\System32\NSI.dll
0x00007ff880470000 - 0x00007ff880482000 	C:\WINDOWS\System32\winrnr.dll
0x00007ff880430000 - 0x00007ff880460000 	C:\WINDOWS\system32\nlansp_c.dll
0x00007ff89af00000 - 0x00007ff89af20000 	C:\WINDOWS\system32\wshbth.dll
0x00007ff89bbb0000 - 0x00007ff89bbbb000 	C:\Windows\System32\rasadhlp.dll
0x00007ff8990d0000 - 0x00007ff899156000 	C:\WINDOWS\System32\fwpuclnt.dll
0x00007ff88d360000 - 0x00007ff88d36e000 	C:\Users\Dell-PC\.jdks\openjdk-24.0.1\bin\sunmscapi.dll
0x00007ff8a2ca0000 - 0x00007ff8a2e17000 	C:\WINDOWS\System32\CRYPT32.dll
0x00007ff8a2130000 - 0x00007ff8a2160000 	C:\WINDOWS\SYSTEM32\ncrypt.dll
0x00007ff8a20e0000 - 0x00007ff8a211f000 	C:\WINDOWS\SYSTEM32\NTASN1.dll
0x00007ff8a1f20000 - 0x00007ff8a1f3b000 	C:\WINDOWS\SYSTEM32\CRYPTSP.dll
0x00007ff8a1650000 - 0x00007ff8a168a000 	C:\WINDOWS\system32\rsaenh.dll
0x00007ff8a1d00000 - 0x00007ff8a1d2b000 	C:\WINDOWS\SYSTEM32\USERENV.dll
0x00007ff8a2810000 - 0x00007ff8a2836000 	C:\WINDOWS\SYSTEM32\bcrypt.dll
0x00007ff8a1f10000 - 0x00007ff8a1f1c000 	C:\WINDOWS\SYSTEM32\CRYPTBASE.dll
0x00007ff813d30000 - 0x00007ff813fa7000 	C:\Users\Dell-PC\AppData\Local\Temp\idea_libasyncProfiler_dll_temp_folder\libasyncProfiler.dll

JVMTI agents:
C:\Program Files\JetBrains\IntelliJ IDEA 2024.1\lib\idea_rt.jar path:C:\Users\Dell-PC\.jdks\openjdk-24.0.1\bin\instrument.dll, loaded, initialized, instrumentlib options:56336:C:\Program Files\JetBrains\IntelliJ IDEA 2024.1\bin

dbghelp: loaded successfully - version: 4.0.5 - missing functions: none
symbol engine: initialized successfully - sym options: 0x614 - pdb path: .;C:\Users\Dell-PC\.jdks\openjdk-24.0.1\bin;C:\WINDOWS\SYSTEM32;C:\WINDOWS\WinSxS\amd64_microsoft.windows.common-controls_6595b64144ccf1df_6.0.26100.4202_none_3e0698d4e335f517;C:\Users\Dell-PC\.jdks\openjdk-24.0.1\bin\server;C:\Program Files\JetBrains\IntelliJ IDEA 2024.1\bin;C:\Users\Dell-PC\AppData\Local\Temp\idea_libasyncProfiler_dll_temp_folder

VM Arguments:
jvm_args: -javaagent:C:\Program Files\JetBrains\IntelliJ IDEA 2024.1\lib\idea_rt.jar=56336:C:\Program Files\JetBrains\IntelliJ IDEA 2024.1\bin -Dfile.encoding=UTF-8 -Dsun.stdout.encoding=UTF-8 -Dsun.stderr.encoding=UTF-8 
java_command: Main5
java_class_path (initial): D:\DH_FPT\Ky_7\Codefest_game\Codefest_team8_hehehe\src\CodefestBot\out\production\CodefestBot;D:\DH_FPT\Ky_7\Codefest_game\Codefest_team8_hehehe\sdk\CodeFest.jar
Launcher Type: SUN_STANDARD

[Global flags]
     intx CICompilerCount                          = 12                                        {product} {ergonomic}
     uint ConcGCThreads                            = 3                                         {product} {ergonomic}
     bool FlightRecorder                           = true                                      {product} {management}
     uint G1ConcRefinementThreads                  = 13                                        {product} {ergonomic}
   size_t G1HeapRegionSize                         = 4194304                                   {product} {ergonomic}
   size_t InitialHeapSize                          = 394264576                                 {product} {ergonomic}
   size_t MarkStackSize                            = 4194304                                   {product} {ergonomic}
   size_t MarkStackSizeMax                         = 536870912                                 {product} {ergonomic}
   size_t MaxHeapSize                              = 6287261696                                {product} {ergonomic}
   size_t MaxNewSize                               = 3770679296                                {product} {ergonomic}
   size_t MinHeapDeltaBytes                        = 4194304                                   {product} {ergonomic}
   size_t MinHeapSize                              = 8388608                                   {product} {ergonomic}
    uintx NonNMethodCodeHeapSize                   = 7602176                                {pd product} {ergonomic}
    uintx NonProfiledCodeHeapSize                  = 122093568                              {pd product} {ergonomic}
    uintx ProfiledCodeHeapSize                     = 121962496                              {pd product} {ergonomic}
    uintx ReservedCodeCacheSize                    = 251658240                              {pd product} {ergonomic}
     bool SegmentedCodeCache                       = true                                      {product} {ergonomic}
   size_t SoftMaxHeapSize                          = 6287261696                             {manageable} {ergonomic}
     bool UseCompressedOops                        = true                           {product lp64_product} {ergonomic}
     bool UseG1GC                                  = true                                      {product} {ergonomic}
     bool UseLargePagesIndividualAllocation        = false                                  {pd product} {ergonomic}

Logging:
Log output configuration:
 #0: stdout all=warning uptime,level,tags foldmultilines=false
 #1: stderr all=off uptime,level,tags foldmultilines=false

Environment Variables:
PATH=C:\Program Files\ImageMagick-7.1.1-Q16-HDRI;C:\Program Files\Common Files\Oracle\Java\javapath;C:\Program Files (x86)\Common Files\Oracle\Java\java8path;C:\Program Files (x86)\Common Files\Oracle\Java\javapath;C:\WINDOWS\system32;C:\WINDOWS;C:\WINDOWS\System32\Wbem;C:\WINDOWS\System32\WindowsPowerShell\v1.0\;C:\WINDOWS\System32\OpenSSH\;C:\Program Files (x86)\Intel\Intel(R) Management Engine Components\DAL;C:\Program Files\Intel\Intel(R) Management Engine Components\DAL;C:\Program Files (x86)\NVIDIA Corporation\PhysX\Common;C:\Program Files\NVIDIA Corporation\NVIDIA NvDLISR;C:\Program Files (x86)\Microsoft SQL Server\160\Tools\Binn\;C:\Program Files\Microsoft SQL Server\160\Tools\Binn\;C:\Program Files\Microsoft SQL Server\Client SDK\ODBC\170\Tools\Binn\;C:\Program Files\Microsoft SQL Server\160\DTS\Binn\;C:\Program Files (x86)\Microsoft SQL Server\160\DTS\Binn\;C:\Program Files\Azure Data Studio\bin;C:\Program Files\Git\cmd;C:\Program Files\nodejs\;C:\Program Files\Graphviz\bin;C:\Users\Dell-PC\AppData\Local\Programs\Python\Python313\Scripts\;C:\Users\Dell-PC\AppData\Local\Programs\Python\Python313\;C:\Users\Dell-PC\AppData\Local\Programs\Python\Launcher\;C:\Program Files\MySQL\MySQL Shell 8.0\bin\;C:\Users\Dell-PC\AppData\Local\Microsoft\WindowsApps;C:\Program Files\Azure Data Studio\bin;C:\Users\Dell-PC\AppData\Local\Programs\Microsoft VS Code\bin;C:\Users\Dell-PC\AppData\Roaming\npm;C:\Users\Dell-PC\AppData\Local\gitkraken\bin
USERNAME=Dell-PC
OS=Windows_NT
PROCESSOR_IDENTIFIER=AMD64 Family 23 Model 96 Stepping 1, AuthenticAMD
TMP=C:\Users\Dell-PC\AppData\Local\Temp
TEMP=C:\Users\Dell-PC\AppData\Local\Temp




Periodic native trim disabled

---------------  S Y S T E M  ---------------

OS:
 Windows 11 , 64 bit Build 26100 (10.0.26100.4202)
OS uptime: 1 days 3:01 hours

CPU: total 16 (initial active 16) (16 cores per cpu, 2 threads per core) family 23 model 96 stepping 1 microcode 0x8600104, cx8, cmov, fxsr, ht, mmx, 3dnowpref, sse, sse2, sse3, ssse3, sse4a, sse4.1, sse4.2, popcnt, lzcnt, tsc, tscinvbit, avx, avx2, aes, clmul, bmi1, bmi2, adx, sha, fma, vzeroupper, clflush, clflushopt, rdtscp, rdpid, f16c
Processor Information for the first 16 processors :
  Max Mhz: 3000, Current Mhz: 3000, Mhz Limit: 3000

Memory: 4k page, system-wide physical 23981M (11462M free)
TotalPageFile size 24081M (AvailPageFile size 3463M)
current process WorkingSet (physical memory assigned to process): 148M, peak: 151M
current process commit charge ("private bytes"): 560M, peak: 571M

vm_info: OpenJDK 64-Bit Server VM (24.0.1+9-30) for windows-amd64 JRE (24.0.1+9-30), built on 2025-03-05T07:23:45Z with MS VC++ 17.6 (VS2022)

END.
